<?xml version="1.0" encoding="UTF-8" ?>
<webscript>
    <shortname>Test Transform Details</shortname>
    <description>View Transformation Details</description>
    <url>/ootbee/admin/test-transform-details</url>
    <format default="html" />
    <authentication>admin</authentication>
    <lifecycle>internal</lifecycle>
    <transaction allow="readonly">required</transaction>
    <family>OOTBee Support Tools</family>
</webscript>