<?xml version="1.0" encoding="UTF-8" ?>
<webscript>
    <shortname>Test Transform</shortname>
    <description>View and Test Transformation Chains</description>
    <url>/ootbee/admin/test-transform</url>
    <family>AdminConsole</family>
    <family>OOTBee Support Tools</family>
    <format default="html"/>
    <authentication>admin</authentication>
    <lifecycle>internal</lifecycle>
    <transaction allow="readonly">required</transaction>
</webscript>